<?xml version="1.0" encoding="UTF-8"?>
<!-- Generated by org.testng.reporters.JUnitXMLReporter -->
<testsuite hostname="LAPTOP-UDQ09A89" ignored="0" name="Test" tests="2" failures="1" timestamp="2020-07-30T23:58:15 IST" time="31.074" errors="0">
  <testcase name="ValidLoginPage" time="3.105" classname="singh.abbey.LoginTest"/>
  <testcase name="InValidLoginPage" time="1.948" classname="singh.abbey.LoginTest">
    <failure type="java.lang.AssertionError" message="expected [Password is required] but found [Invalid Email Address]">
      <![CDATA[java.lang.AssertionError: expected [Password is required] but found [Invalid Email Address]
at singh.abbey.LoginTest.InValidLoginPage(LoginTest.java:69)
at java.util.ArrayList.forEach(ArrayList.java:1257)
... Removed 32 stack frames]]>
    </failure>
  </testcase> <!-- InValidLoginPage -->
</testsuite> <!-- Test -->
